#
# There is insufficient memory for the Java Runtime Environment to continue.
# Native memory allocation (malloc) failed to allocate 1032336 bytes for Chunk::new
# Possible reasons:
#   The system is out of physical RAM or swap space
#   The process is running with CompressedOops enabled, and the Java Heap may be blocking the growth of the native heap
# Possible solutions:
#   Reduce memory load on the system
#   Increase physical memory or swap space
#   Check if swap backing store is full
#   Decrease Java heap size (-Xmx/-Xms)
#   Decrease number of Java threads
#   Decrease Java thread stack sizes (-Xss)
#   Set larger code cache with -XX:ReservedCodeCacheSize=
#   JVM is running with Unscaled Compressed Oops mode in which the Java heap is
#     placed in the first 4GB address space. The Java Heap base address is the
#     maximum limit for the native heap growth. Please use -XX:HeapBaseMinAddress
#     to set the Java Heap base and to place the Java Heap above 4GB virtual address.
# This output file may be truncated or incomplete.
#
#  Out of Memory Error (allocation.cpp:389), pid=38244, tid=0x0000000000000774
#
# JRE version: OpenJDK Runtime Environment (8.0_242-b01) (build 1.8.0_242-release-1644-b01)
# Java VM: OpenJDK 64-Bit Server VM (25.242-b01 mixed mode windows-amd64 compressed oops)
# Failed to write core dump. Minidumps are not enabled by default on client versions of Windows
#

---------------  T H R E A D  ---------------

Current thread (0x000000001a35c000):  JavaThread "C2 CompilerThread0" daemon [_thread_in_native, id=1908, stack(0x000000001ab20000,0x000000001ac20000)]

Stack: [0x000000001ab20000,0x000000001ac20000]
[error occurred during error reporting (printing stack bounds), id 0xc0000005]

Native frames: (J=compiled Java code, j=interpreted, Vv=VM code, C=native code)


Current CompileTask:
C2:  18169 5246 %     4       org.gradle.internal.instantiation.generator.AbstractClassGenerator::inspectType @ 77 (559 bytes)


---------------  P R O C E S S  ---------------

Java Threads: ( => current thread )
  0x000000001ee15800 JavaThread "Execution worker for ':' Thread 7" [_thread_blocked, id=35136, stack(0x0000000026bc0000,0x0000000026cc0000)]
  0x000000001ee17000 JavaThread "Execution worker for ':' Thread 6" [_thread_blocked, id=39476, stack(0x0000000026ac0000,0x0000000026bc0000)]
  0x000000001ee1b800 JavaThread "Execution worker for ':' Thread 5" [_thread_in_native, id=39420, stack(0x00000000269c0000,0x0000000026ac0000)]
  0x000000001ee1a000 JavaThread "Execution worker for ':' Thread 4" [_thread_in_native, id=6116, stack(0x00000000268c0000,0x00000000269c0000)]
  0x000000001ee0e000 JavaThread "Execution worker for ':' Thread 3" [_thread_in_Java, id=3316, stack(0x00000000267c0000,0x00000000268c0000)]
  0x000000001ee14800 JavaThread "Execution worker for ':' Thread 2" [_thread_blocked, id=26888, stack(0x00000000266c0000,0x00000000267c0000)]
  0x000000001ee10000 JavaThread "Execution worker for ':'" [_thread_blocked, id=2916, stack(0x00000000265c0000,0x00000000266c0000)]
  0x000000001ee14000 JavaThread "Cache worker for file content cache (C:\Users\pthdu\AndroidStudioProjects\RUP\.gradle\6.1.1\fileContent)" [_thread_blocked, id=27076, stack(0x0000000025e30000,0x0000000025f30000)]
  0x000000001ee12800 JavaThread "Cache worker for file content cache (C:\Users\pthdu\.gradle\caches\6.1.1\fileContent)" [_thread_blocked, id=23496, stack(0x0000000025c30000,0x0000000025d30000)]
  0x000000001ee0f800 JavaThread "Memory manager" [_thread_blocked, id=40584, stack(0x0000000025b30000,0x0000000025c30000)]
  0x000000001ee0e800 JavaThread "Cache worker for Build Output Cleanup Cache (C:\Users\pthdu\AndroidStudioProjects\RUP\.gradle\buildOutputCleanup)" [_thread_blocked, id=13712, stack(0x0000000025230000,0x0000000025330000)]
  0x000000001ee11000 JavaThread "pool-1-thread-1" [_thread_blocked, id=28912, stack(0x0000000024f30000,0x0000000025030000)]
  0x000000001ee0d000 JavaThread "Build operations Thread 8" [_thread_blocked, id=34488, stack(0x0000000024a30000,0x0000000024b30000)]
  0x000000001ee0c800 JavaThread "Build operations Thread 7" [_thread_blocked, id=40412, stack(0x0000000024930000,0x0000000024a30000)]
  0x000000001f810000 JavaThread "Build operations Thread 6" [_thread_blocked, id=24124, stack(0x0000000024830000,0x0000000024930000)]
  0x000000001f812000 JavaThread "Build operations Thread 5" [_thread_blocked, id=27960, stack(0x0000000024730000,0x0000000024830000)]
  0x000000001f80f000 JavaThread "Build operations Thread 4" [_thread_blocked, id=34060, stack(0x0000000024630000,0x0000000024730000)]
  0x000000001f810800 JavaThread "Build operations Thread 3" [_thread_blocked, id=28820, stack(0x0000000024530000,0x0000000024630000)]
  0x000000001f80e800 JavaThread "Build operations Thread 2" [_thread_blocked, id=8084, stack(0x0000000024430000,0x0000000024530000)]
  0x000000001f80d800 JavaThread "Build operations" [_thread_blocked, id=34820, stack(0x0000000024330000,0x0000000024430000)]
  0x000000001a3c3000 JavaThread "Cache worker for execution history cache (C:\Users\pthdu\.gradle\caches\6.1.1\executionHistory)" [_thread_in_native, id=36144, stack(0x0000000022660000,0x0000000022760000)]
  0x000000001a3c0800 JavaThread "Cache worker for cache directory md-rule (C:\Users\pthdu\.gradle\caches\6.1.1\md-rule)" [_thread_blocked, id=34840, stack(0x0000000021300000,0x0000000021400000)]
  0x000000001a3be800 JavaThread "Cache worker for cache directory md-supplier (C:\Users\pthdu\.gradle\caches\6.1.1\md-supplier)" [_thread_blocked, id=32652, stack(0x0000000021200000,0x0000000021300000)]
  0x000000001a3bf000 JavaThread "Cache worker for file hash cache (C:\Users\pthdu\AndroidStudioProjects\RUP\.gradle\6.1.1\fileHashes)" [_thread_blocked, id=30412, stack(0x000000001ebc0000,0x000000001ecc0000)]
  0x000000001a3c5000 JavaThread "Cache worker for checksums cache (C:\Users\pthdu\AndroidStudioProjects\RUP\.gradle\checksums)" [_thread_blocked, id=25036, stack(0x0000000021100000,0x0000000021200000)]
  0x000000001a3c0000 JavaThread "Cache worker for file hash cache (C:\Users\pthdu\.gradle\caches\6.1.1\fileHashes)" [_thread_blocked, id=39056, stack(0x000000001eac0000,0x000000001ebc0000)]
  0x000000001a3c2000 JavaThread "File lock request listener" [_thread_in_native, id=28292, stack(0x000000001e9c0000,0x000000001eac0000)]
  0x000000001ba9c000 JavaThread "Cache worker for journal cache (C:\Users\pthdu\.gradle\caches\journal-1)" [_thread_blocked, id=35204, stack(0x000000001e8c0000,0x000000001e9c0000)]
  0x000000001b20c000 JavaThread "Thread-9" [_thread_blocked, id=28752, stack(0x000000001e5c0000,0x000000001e6c0000)]
  0x000000001cdac800 JavaThread "Stdin handler" [_thread_blocked, id=8336, stack(0x000000001e4c0000,0x000000001e5c0000)]
  0x000000001cdac000 JavaThread "Asynchronous log dispatcher for DefaultDaemonConnection: socket connection from /127.0.0.1:63791 to /127.0.0.1:63792" [_thread_blocked, id=38680, stack(0x000000001e3c0000,0x000000001e4c0000)]
  0x000000001b24f000 JavaThread "Daemon worker" [_thread_in_native, id=26792, stack(0x000000001e2c0000,0x000000001e3c0000)]
  0x000000001b24e000 JavaThread "Cancel handler" [_thread_blocked, id=15500, stack(0x000000001e1c0000,0x000000001e2c0000)]
  0x000000001bdeb000 JavaThread "Handler for socket connection from /127.0.0.1:63791 to /127.0.0.1:63792" [_thread_in_native, id=33276, stack(0x000000001e0c0000,0x000000001e1c0000)]
  0x000000001cdbd800 JavaThread "Daemon" [_thread_blocked, id=26460, stack(0x000000001ddc0000,0x000000001dec0000)]
  0x000000001cd74000 JavaThread "Daemon periodic checks" [_thread_blocked, id=23824, stack(0x000000001dcc0000,0x000000001ddc0000)]
  0x000000001cd72000 JavaThread "Incoming local TCP Connector on port 63791" [_thread_in_native, id=38780, stack(0x000000001dbc0000,0x000000001dcc0000)]
  0x000000001cc73800 JavaThread "Daemon health stats" [_thread_blocked, id=7504, stack(0x000000001dac0000,0x000000001dbc0000)]
  0x000000001a424000 JavaThread "Service Thread" daemon [_thread_blocked, id=37188, stack(0x000000001af20000,0x000000001b020000)]
  0x000000001a3c1800 JavaThread "C1 CompilerThread3" daemon [_thread_in_native, id=25944, stack(0x000000001ae20000,0x000000001af20000)]
  0x000000001a3c4800 JavaThread "C2 CompilerThread2" daemon [_thread_in_native, id=13156, stack(0x000000001ad20000,0x000000001ae20000)]
  0x000000001854b000 JavaThread "C2 CompilerThread1" daemon [_thread_in_native, id=22372, stack(0x000000001ac20000,0x000000001ad20000)]
=>0x000000001a35c000 JavaThread "C2 CompilerThread0" daemon [_thread_in_native, id=1908, stack(0x000000001ab20000,0x000000001ac20000)]
  0x000000001a35b000 JavaThread "Attach Listener" daemon [_thread_blocked, id=31284, stack(0x000000001aa20000,0x000000001ab20000)]
  0x000000001a3b8000 JavaThread "Signal Dispatcher" daemon [_thread_blocked, id=36860, stack(0x000000001a920000,0x000000001aa20000)]
  0x00000000033cd800 JavaThread "Finalizer" daemon [_thread_blocked, id=34804, stack(0x000000001a820000,0x000000001a920000)]
  0x000000001a340800 JavaThread "Reference Handler" daemon [_thread_blocked, id=20548, stack(0x000000001a720000,0x000000001a820000)]
  0x00000000032d2800 JavaThread "main" [_thread_blocked, id=8532, stack(0x0000000002d90000,0x0000000002e90000)]

Other Threads:
  0x0000000018538000 VMThread [stack: 0x000000001a220000,0x000000001a320000] [id=22716]
  0x000000001a425000 WatcherThread [stack: 0x000000001b020000,0x000000001b120000] [id=23316]

VM state:not at safepoint (normal execution)

VM Mutex/Monitor currently owned by a thread: None

heap address: 0x0000000080000000, size: 2048 MB, Compressed Oops mode: 32-bit
Narrow klass base: 0x0000000000000000, Narrow klass shift: 3
Compressed class space size: 1073741824 Address: 0x0000000100000000

Heap:
 PSYoungGen      total 235008K, used 75172K [0x00000000d5580000, 0x00000000e5400000, 0x0000000100000000)
  eden space 217088K, 34% used [0x00000000d5580000,0x00000000d9ee9380,0x00000000e2980000)
  from space 17920K, 0% used [0x00000000e3e00000,0x00000000e3e00000,0x00000000e4f80000)
  to   space 20992K, 0% used [0x00000000e2980000,0x00000000e2980000,0x00000000e3e00000)
 ParOldGen       total 100352K, used 33123K [0x0000000080000000, 0x0000000086200000, 0x00000000d5580000)
  object space 100352K, 33% used [0x0000000080000000,0x0000000082058c78,0x0000000086200000)
 Metaspace       used 60265K, capacity 63400K, committed 63656K, reserved 1103872K
  class space    used 8403K, capacity 9041K, committed 9136K, reserved 1048576K

Card table byte_map: [0x0000000012890000,0x0000000012ca0000] byte_map_base: 0x0000000012490000

Marking Bits: (ParMarkBitMap*) 0x000000006399f030
 Begin Bits: [0x0000000013750000, 0x0000000015750000)
 End Bits:   [0x0000000015750000, 0x0000000017750000)

Polling page: 0x0000000000f50000

CodeCache: size=245760Kb used=18168Kb max_used=18168Kb free=227591Kb
 bounds [0x00000000034d0000, 0x00000000046a0000, 0x00000000124d0000]
 total_blobs=6449 nmethods=5665 adapters=696
 compilation: enabled

Compilation events (10 events):
Event: 18.162 Thread 0x000000001a3c1800 6265       3       com.google.common.collect.ImmutableMultimap$1::hasNext (30 bytes)
Event: 18.163 Thread 0x000000001a3c1800 nmethod 6265 0x000000000389be90 code [0x000000000389c020, 0x000000000389c398]
Event: 18.163 Thread 0x000000001a3c1800 6268       3       org.gradle.cache.internal.DefaultFileLockManager$DefaultFileLock::assertOpen (18 bytes)
Event: 18.163 Thread 0x000000001a3c1800 nmethod 6268 0x00000000041aa710 code [0x00000000041aa880, 0x00000000041aaae8]
Event: 18.163 Thread 0x000000001a3c1800 6264   !   3       sun.nio.fs.WindowsPath::toAbsolutePath (55 bytes)
Event: 18.164 Thread 0x000000001a3c1800 nmethod 6264 0x00000000041a99d0 code [0x00000000041a9bc0, 0x00000000041aa3d8]
Event: 18.164 Thread 0x000000001a3c1800 6266       1       org.gradle.internal.execution.history.impl.AbstractExecutionState::getInputFileProperties (5 bytes)
Event: 18.164 Thread 0x000000001a3c1800 nmethod 6266 0x00000000041a9710 code [0x00000000041a9860, 0x00000000041a9970]
Event: 18.164 Thread 0x000000001a3c1800 6270       1       org.gradle.internal.logging.events.ProgressStartEvent::getBuildOperationId (5 bytes)
Event: 18.164 Thread 0x000000001a3c1800 nmethod 6270 0x00000000041a9450 code [0x00000000041a95a0, 0x00000000041a96b0]

GC Heap History (10 events):
Event: 8.874 GC heap before
{Heap before GC invocations=9 (full 1):
 PSYoungGen      total 106496K, used 44085K [0x00000000d5580000, 0x00000000e1d80000, 0x0000000100000000)
  eden space 94208K, 35% used [0x00000000d5580000,0x00000000d75dfde8,0x00000000db180000)
  from space 12288K, 88% used [0x00000000db180000,0x00000000dbc2d7d0,0x00000000dbd80000)
  to   space 13312K, 0% used [0x00000000e1080000,0x00000000e1080000,0x00000000e1d80000)
 ParOldGen       total 64512K, used 7701K [0x0000000080000000, 0x0000000083f00000, 0x00000000d5580000)
  object space 64512K, 11% used [0x0000000080000000,0x0000000080785488,0x0000000083f00000)
 Metaspace       used 34553K, capacity 35442K, committed 35496K, reserved 1079296K
  class space    used 4737K, capacity 5006K, committed 5040K, reserved 1048576K
Event: 8.886 GC heap after
Heap after GC invocations=9 (full 1):
 PSYoungGen      total 190464K, used 8137K [0x00000000d5580000, 0x00000000e1c80000, 0x0000000100000000)
  eden space 178176K, 0% used [0x00000000d5580000,0x00000000d5580000,0x00000000e0380000)
  from space 12288K, 66% used [0x00000000e1080000,0x00000000e1872548,0x00000000e1c80000)
  to   space 12800K, 0% used [0x00000000e0380000,0x00000000e0380000,0x00000000e1000000)
 ParOldGen       total 64512K, used 7709K [0x0000000080000000, 0x0000000083f00000, 0x00000000d5580000)
  object space 64512K, 11% used [0x0000000080000000,0x0000000080787488,0x0000000083f00000)
 Metaspace       used 34553K, capacity 35442K, committed 35496K, reserved 1079296K
  class space    used 4737K, capacity 5006K, committed 5040K, reserved 1048576K
}
Event: 8.886 GC heap before
{Heap before GC invocations=10 (full 2):
 PSYoungGen      total 190464K, used 8137K [0x00000000d5580000, 0x00000000e1c80000, 0x0000000100000000)
  eden space 178176K, 0% used [0x00000000d5580000,0x00000000d5580000,0x00000000e0380000)
  from space 12288K, 66% used [0x00000000e1080000,0x00000000e1872548,0x00000000e1c80000)
  to   space 12800K, 0% used [0x00000000e0380000,0x00000000e0380000,0x00000000e1000000)
 ParOldGen       total 64512K, used 7709K [0x0000000080000000, 0x0000000083f00000, 0x00000000d5580000)
  object space 64512K, 11% used [0x0000000080000000,0x0000000080787488,0x0000000083f00000)
 Metaspace       used 34553K, capacity 35442K, committed 35496K, reserved 1079296K
  class space    used 4737K, capacity 5006K, committed 5040K, reserved 1048576K
Event: 9.047 GC heap after
Heap after GC invocations=10 (full 2):
 PSYoungGen      total 190464K, used 0K [0x00000000d5580000, 0x00000000e1c80000, 0x0000000100000000)
  eden space 178176K, 0% used [0x00000000d5580000,0x00000000d5580000,0x00000000e0380000)
  from space 12288K, 0% used [0x00000000e1080000,0x00000000e1080000,0x00000000e1c80000)
  to   space 12800K, 0% used [0x00000000e0380000,0x00000000e0380000,0x00000000e1000000)
 ParOldGen       total 100352K, used 14874K [0x0000000080000000, 0x0000000086200000, 0x00000000d5580000)
  object space 100352K, 14% used [0x0000000080000000,0x0000000080e86a38,0x0000000086200000)
 Metaspace       used 34553K, capacity 35442K, committed 35496K, reserved 1079296K
  class space    used 4737K, capacity 5006K, committed 5040K, reserved 1048576K
}
Event: 15.589 GC heap before
{Heap before GC invocations=11 (full 2):
 PSYoungGen      total 190464K, used 178176K [0x00000000d5580000, 0x00000000e1c80000, 0x0000000100000000)
  eden space 178176K, 100% used [0x00000000d5580000,0x00000000e0380000,0x00000000e0380000)
  from space 12288K, 0% used [0x00000000e1080000,0x00000000e1080000,0x00000000e1c80000)
  to   space 12800K, 0% used [0x00000000e0380000,0x00000000e0380000,0x00000000e1000000)
 ParOldGen       total 100352K, used 14874K [0x0000000080000000, 0x0000000086200000, 0x00000000d5580000)
  object space 100352K, 14% used [0x0000000080000000,0x0000000080e86a38,0x0000000086200000)
 Metaspace       used 49772K, capacity 51504K, committed 51624K, reserved 1093632K
  class space    used 6666K, capacity 7069K, committed 7088K, reserved 1048576K
Event: 15.611 GC heap after
Heap after GC invocations=11 (full 2):
 PSYoungGen      total 190976K, used 12793K [0x00000000d5580000, 0x00000000e4f80000, 0x0000000100000000)
  eden space 178176K, 0% used [0x00000000d5580000,0x00000000d5580000,0x00000000e0380000)
  from space 12800K, 99% used [0x00000000e0380000,0x00000000e0ffe718,0x00000000e1000000)
  to   space 17920K, 0% used [0x00000000e3e00000,0x00000000e3e00000,0x00000000e4f80000)
 ParOldGen       total 100352K, used 23537K [0x0000000080000000, 0x0000000086200000, 0x00000000d5580000)
  object space 100352K, 23% used [0x0000000080000000,0x00000000816fc680,0x0000000086200000)
 Metaspace       used 49772K, capacity 51504K, committed 51624K, reserved 1093632K
  class space    used 6666K, capacity 7069K, committed 7088K, reserved 1048576K
}
Event: 16.986 GC heap before
{Heap before GC invocations=12 (full 2):
 PSYoungGen      total 190976K, used 100065K [0x00000000d5580000, 0x00000000e4f80000, 0x0000000100000000)
  eden space 178176K, 48% used [0x00000000d5580000,0x00000000daab9ee0,0x00000000e0380000)
  from space 12800K, 99% used [0x00000000e0380000,0x00000000e0ffe718,0x00000000e1000000)
  to   space 17920K, 0% used [0x00000000e3e00000,0x00000000e3e00000,0x00000000e4f80000)
 ParOldGen       total 100352K, used 23537K [0x0000000080000000, 0x0000000086200000, 0x00000000d5580000)
  object space 100352K, 23% used [0x0000000080000000,0x00000000816fc680,0x0000000086200000)
 Metaspace       used 57041K, capacity 59094K, committed 59160K, reserved 1099776K
  class space    used 7830K, capacity 8302K, committed 8368K, reserved 1048576K
Event: 17.012 GC heap after
Heap after GC invocations=12 (full 2):
 PSYoungGen      total 235008K, used 17915K [0x00000000d5580000, 0x00000000e5400000, 0x0000000100000000)
  eden space 217088K, 0% used [0x00000000d5580000,0x00000000d5580000,0x00000000e2980000)
  from space 17920K, 99% used [0x00000000e3e00000,0x00000000e4f7ec48,0x00000000e4f80000)
  to   space 20992K, 0% used [0x00000000e2980000,0x00000000e2980000,0x00000000e3e00000)
 ParOldGen       total 100352K, used 26665K [0x0000000080000000, 0x0000000086200000, 0x00000000d5580000)
  object space 100352K, 26% used [0x0000000080000000,0x0000000081a0a628,0x0000000086200000)
 Metaspace       used 57041K, capacity 59094K, committed 59160K, reserved 1099776K
  class space    used 7830K, capacity 8302K, committed 8368K, reserved 1048576K
}
Event: 17.012 GC heap before
{Heap before GC invocations=13 (full 3):
 PSYoungGen      total 235008K, used 17915K [0x00000000d5580000, 0x00000000e5400000, 0x0000000100000000)
  eden space 217088K, 0% used [0x00000000d5580000,0x00000000d5580000,0x00000000e2980000)
  from space 17920K, 99% used [0x00000000e3e00000,0x00000000e4f7ec48,0x00000000e4f80000)
  to   space 20992K, 0% used [0x00000000e2980000,0x00000000e2980000,0x00000000e3e00000)
 ParOldGen       total 100352K, used 26665K [0x0000000080000000, 0x0000000086200000, 0x00000000d5580000)
  object space 100352K, 26% used [0x0000000080000000,0x0000000081a0a628,0x0000000086200000)
 Metaspace       used 57041K, capacity 59094K, committed 59160K, reserved 1099776K
  class space    used 7830K, capacity 8302K, committed 8368K, reserved 1048576K
Event: 17.247 GC heap after
Heap after GC invocations=13 (full 3):
 PSYoungGen      total 235008K, used 0K [0x00000000d5580000, 0x00000000e5400000, 0x0000000100000000)
  eden space 217088K, 0% used [0x00000000d5580000,0x00000000d5580000,0x00000000e2980000)
  from space 17920K, 0% used [0x00000000e3e00000,0x00000000e3e00000,0x00000000e4f80000)
  to   space 20992K, 0% used [0x00000000e2980000,0x00000000e2980000,0x00000000e3e00000)
 ParOldGen       total 100352K, used 33123K [0x0000000080000000, 0x0000000086200000, 0x00000000d5580000)
  object space 100352K, 33% used [0x0000000080000000,0x0000000082058c78,0x0000000086200000)
 Metaspace       used 57004K, capacity 58968K, committed 59160K, reserved 1099776K
  class space    used 7819K, capacity 8281K, committed 8368K, reserved 1048576K
}

Deoptimization events (10 events):
Event: 17.992 Thread 0x000000001ee15800 Uncommon trap: reason=unstable_if action=reinterpret pc=0x00000000044f60d8 method=org.gradle.internal.service.DefaultServiceRegistry$SingletonService.prepare()Lorg/gradle/internal/service/Service; @ 68
Event: 18.000 Thread 0x000000001b24f000 Uncommon trap: reason=bimorphic action=maybe_recompile pc=0x000000000407e5a4 method=java.util.Arrays.binarySearch0([Ljava/lang/Object;IILjava/lang/Object;Ljava/util/Comparator;)I @ 48
Event: 18.027 Thread 0x000000001ee17000 Uncommon trap: reason=unstable_if action=reinterpret pc=0x000000000431bf34 method=java.lang.Class.newReflectionData(Ljava/lang/ref/SoftReference;I)Ljava/lang/Class$ReflectionData; @ 30
Event: 18.056 Thread 0x000000001a3c3000 Uncommon trap: reason=bimorphic action=maybe_recompile pc=0x000000000407e5a4 method=java.util.Arrays.binarySearch0([Ljava/lang/Object;IILjava/lang/Object;Ljava/util/Comparator;)I @ 48
Event: 18.056 Thread 0x000000001a3c3000 Uncommon trap: reason=bimorphic action=maybe_recompile pc=0x000000000407e5a4 method=java.util.Arrays.binarySearch0([Ljava/lang/Object;IILjava/lang/Object;Ljava/util/Comparator;)I @ 48
Event: 18.057 Thread 0x000000001a3c3000 Uncommon trap: reason=bimorphic action=maybe_recompile pc=0x000000000407e5a4 method=java.util.Arrays.binarySearch0([Ljava/lang/Object;IILjava/lang/Object;Ljava/util/Comparator;)I @ 48
Event: 18.117 Thread 0x000000001ee1b800 Uncommon trap: reason=class_check action=maybe_recompile pc=0x00000000043df914 method=java.util.Collections$SetFromMap.remove(Ljava/lang/Object;)Z @ 5
Event: 18.118 Thread 0x000000001ee10000 Uncommon trap: reason=class_check action=maybe_recompile pc=0x00000000043df914 method=java.util.Collections$SetFromMap.remove(Ljava/lang/Object;)Z @ 5
Event: 18.118 Thread 0x000000001ee17000 Uncommon trap: reason=class_check action=maybe_recompile pc=0x00000000043df914 method=java.util.Collections$SetFromMap.remove(Ljava/lang/Object;)Z @ 5
Event: 18.118 Thread 0x000000001b24f000 Uncommon trap: reason=class_check action=maybe_recompile pc=0x00000000043df914 method=java.util.Collections$SetFromMap.remove(Ljava/lang/Object;)Z @ 5

Classes redefined (0 events):
No events

Internal exceptions (10 events):
Event: 16.431 Thread 0x000000001b24f000 Exception <a 'java/lang/ClassNotFoundException': com/android/build/gradle/internal/api/BaseVariantOutputImplBeanInfo> (0x00000000d7cb2be0) thrown at [C:\src\AOSP-openjdk-git\hotspot\src\share\vm\classfile\systemDictionary.cpp, line 210]
Event: 16.432 Thread 0x000000001b24f000 Exception <a 'java/lang/ClassNotFoundException': com/android/build/gradle/internal/api/BaseVariantOutputImplCustomizer> (0x00000000d7cd1560) thrown at [C:\src\AOSP-openjdk-git\hotspot\src\share\vm\classfile\systemDictionary.cpp, line 210]
Event: 16.433 Thread 0x000000001b24f000 Exception <a 'java/lang/ClassNotFoundException': com/android/build/gradle/internal/api/ApkVariantOutputImplCustomizer> (0x00000000d7d09b10) thrown at [C:\src\AOSP-openjdk-git\hotspot\src\share\vm\classfile\systemDictionary.cpp, line 210]
Event: 16.433 Thread 0x000000001b24f000 Exception <a 'java/lang/ClassNotFoundException': com/android/build/gradle/internal/api/ApkVariantOutputImpl_DecoratedCustomizer> (0x00000000d7d3d680) thrown at [C:\src\AOSP-openjdk-git\hotspot\src\share\vm\classfile\systemDictionary.cpp, line 210]
Event: 16.712 Thread 0x000000001b24f000 Exception <a 'java/lang/ClassNotFoundException': com/sun/org/glassfish/hk2/osgiresourcelocator/ServiceLoader> (0x00000000d9557850) thrown at [C:\src\AOSP-openjdk-git\hotspot\src\share\vm\classfile\systemDictionary.cpp, line 210]
Event: 16.765 Thread 0x000000001b24f000 Exception <a 'java/lang/NullPointerException'> (0x00000000d99ac268) thrown at [C:\src\AOSP-openjdk-git\hotspot\src\share\vm\interpreter\linkResolver.cpp, line 1287]
Event: 18.005 Thread 0x000000001ee14800 Exception <a 'java/lang/NoSuchMethodError': java.lang.Object.lambda$identity$2(Ljava/lang/Object;)Ljava/lang/Object;> (0x00000000d84143a8) thrown at [C:\src\AOSP-openjdk-git\hotspot\src\share\vm\interpreter\linkResolver.cpp, line 620]
Event: 18.005 Thread 0x000000001ee1a000 Exception <a 'java/lang/NoSuchMethodError': java.lang.Object.lambda$identity$2(Ljava/lang/Object;)Ljava/lang/Object;> (0x00000000d8779eb8) thrown at [C:\src\AOSP-openjdk-git\hotspot\src\share\vm\interpreter\linkResolver.cpp, line 620]
Event: 18.005 Thread 0x000000001ee17000 Exception <a 'java/lang/NoSuchMethodError': java.lang.Object.lambda$identity$2(Ljava/lang/Object;)Ljava/lang/Object;> (0x00000000d863e180) thrown at [C:\src\AOSP-openjdk-git\hotspot\src\share\vm\interpreter\linkResolver.cpp, line 620]
Event: 18.005 Thread 0x000000001ee10000 Exception <a 'java/lang/NoSuchMethodError': java.lang.Object.lambda$identity$2(Ljava/lang/Object;)Ljava/lang/Object;> (0x00000000d83aaf70) thrown at [C:\src\AOSP-openjdk-git\hotspot\src\share\vm\interpreter\linkResolver.cpp, line 620]

Events (10 events):
Event: 18.125 loading class org/gradle/api/internal/artifacts/transform/TransformationNode$ChainedTransformationNode$1
Event: 18.125 loading class org/gradle/api/internal/artifacts/transform/TransformationNode$ChainedTransformationNode$1 done
Event: 18.125 loading class org/gradle/internal/snapshot/VfsRelativePath
Event: 18.125 loading class org/gradle/internal/snapshot/VfsRelativePath done
Event: 18.125 loading class org/gradle/internal/snapshot/MetadataSnapshot
Event: 18.125 loading class org/gradle/internal/snapshot/MetadataSnapshot done
Event: 18.125 loading class org/gradle/internal/snapshot/VfsRelativePath
Event: 18.125 loading class org/gradle/internal/snapshot/VfsRelativePath done
Event: 18.125 loading class org/gradle/api/internal/artifacts/transform/TransformationNode$ChainedTransformationNode$1
Event: 18.125 loading class org/gradle/api/internal/artifacts/transform/TransformationNode$ChainedTransformationNode$1 done


Dynamic libraries:
0x00007ff7a7a80000 - 0x00007ff7a7ab1000 	C:\Program Files\Android\Android Studio\jre\bin\java.exe
0x00007ffdf74c0000 - 0x00007ffdf76b0000 	C:\WINDOWS\SYSTEM32\ntdll.dll
0x00007ffdf5750000 - 0x00007ffdf5802000 	C:\WINDOWS\System32\KERNEL32.DLL
0x00007ffdf48f0000 - 0x00007ffdf4b95000 	C:\WINDOWS\System32\KERNELBASE.dll
0x00007ffdf5970000 - 0x00007ffdf5a13000 	C:\WINDOWS\System32\ADVAPI32.dll
0x00007ffdf5570000 - 0x00007ffdf560e000 	C:\WINDOWS\System32\msvcrt.dll
0x00007ffdf5b90000 - 0x00007ffdf5c27000 	C:\WINDOWS\System32\sechost.dll
0x00007ffdf60e0000 - 0x00007ffdf6200000 	C:\WINDOWS\System32\RPCRT4.dll
0x00007ffdf5c30000 - 0x00007ffdf5dc4000 	C:\WINDOWS\System32\USER32.dll
0x00007ffdf48c0000 - 0x00007ffdf48e1000 	C:\WINDOWS\System32\win32u.dll
0x00007ffdf5a20000 - 0x00007ffdf5a46000 	C:\WINDOWS\System32\GDI32.dll
0x00007ffdf4720000 - 0x00007ffdf48b6000 	C:\WINDOWS\System32\gdi32full.dll
0x00007ffdf4660000 - 0x00007ffdf46fe000 	C:\WINDOWS\System32\msvcp_win.dll
0x00007ffdf5470000 - 0x00007ffdf556a000 	C:\WINDOWS\System32\ucrtbase.dll
0x00007ffddfd70000 - 0x00007ffddfff4000 	C:\WINDOWS\WinSxS\amd64_microsoft.windows.common-controls_6595b64144ccf1df_6.0.18362.1139_none_9e7bf2d3e4605ac6\COMCTL32.dll
0x00007ffdf7110000 - 0x00007ffdf7445000 	C:\WINDOWS\System32\combase.dll
0x00007ffdf4500000 - 0x00007ffdf4580000 	C:\WINDOWS\System32\bcryptPrimitives.dll
0x00007ffdf7450000 - 0x00007ffdf747e000 	C:\WINDOWS\System32\IMM32.DLL
0x0000000064c30000 - 0x0000000064d02000 	C:\Program Files\Android\Android Studio\jre\jre\bin\msvcr100.dll
0x00000000631d0000 - 0x0000000063a1b000 	C:\Program Files\Android\Android Studio\jre\jre\bin\server\jvm.dll
0x00007ffdf6210000 - 0x00007ffdf6218000 	C:\WINDOWS\System32\PSAPI.DLL
0x00007ffde6370000 - 0x00007ffde637a000 	C:\WINDOWS\SYSTEM32\VERSION.dll
0x00007ffde0050000 - 0x00007ffde0059000 	C:\WINDOWS\SYSTEM32\WSOCK32.dll
0x00007ffdf70a0000 - 0x00007ffdf710f000 	C:\WINDOWS\System32\WS2_32.dll
0x00007ffdf16e0000 - 0x00007ffdf1704000 	C:\WINDOWS\SYSTEM32\WINMM.dll
0x00007ffdf1660000 - 0x00007ffdf168d000 	C:\WINDOWS\SYSTEM32\WINMMBASE.dll
0x00007ffdf4580000 - 0x00007ffdf45ca000 	C:\WINDOWS\System32\cfgmgr32.dll
0x00007ffdf1c00000 - 0x00007ffdf1c0f000 	C:\Program Files\Android\Android Studio\jre\jre\bin\verify.dll
0x00007ffded500000 - 0x00007ffded529000 	C:\Program Files\Android\Android Studio\jre\jre\bin\java.dll
0x00007ffded600000 - 0x00007ffded616000 	C:\Program Files\Android\Android Studio\jre\jre\bin\zip.dll
0x00007ffdf6770000 - 0x00007ffdf6e57000 	C:\WINDOWS\System32\SHELL32.dll
0x00007ffdf6ee0000 - 0x00007ffdf6f89000 	C:\WINDOWS\System32\shcore.dll
0x00007ffdf4ba0000 - 0x00007ffdf5320000 	C:\WINDOWS\System32\windows.storage.dll
0x00007ffdf4390000 - 0x00007ffdf43b3000 	C:\WINDOWS\System32\profapi.dll
0x00007ffdf43e0000 - 0x00007ffdf442a000 	C:\WINDOWS\System32\powrprof.dll
0x00007ffdf4380000 - 0x00007ffdf4390000 	C:\WINDOWS\System32\UMPDC.dll
0x00007ffdf6080000 - 0x00007ffdf60d2000 	C:\WINDOWS\System32\shlwapi.dll
0x00007ffdf4430000 - 0x00007ffdf4441000 	C:\WINDOWS\System32\kernel.appcore.dll
0x00007ffdf4700000 - 0x00007ffdf4717000 	C:\WINDOWS\System32\cryptsp.dll
0x00007ffded490000 - 0x00007ffded4aa000 	C:\Program Files\Android\Android Studio\jre\jre\bin\net.dll
0x00007ffdf3b70000 - 0x00007ffdf3bd7000 	C:\WINDOWS\system32\mswsock.dll
0x00007ffded470000 - 0x00007ffded483000 	C:\Program Files\Android\Android Studio\jre\jre\bin\nio.dll
0x00007ffde02e0000 - 0x00007ffde0306000 	C:\Users\pthdu\.gradle\native\31\windows-amd64\native-platform.dll
0x00007ffdf1b60000 - 0x00007ffdf1b6d000 	C:\Program Files\Android\Android Studio\jre\jre\bin\management.dll
0x00007ffdf36e0000 - 0x00007ffdf3713000 	C:\WINDOWS\system32\rsaenh.dll
0x00007ffdf4630000 - 0x00007ffdf4656000 	C:\WINDOWS\System32\bcrypt.dll
0x00007ffdf42a0000 - 0x00007ffdf42c5000 	C:\WINDOWS\SYSTEM32\USERENV.dll
0x00007ffdf3d40000 - 0x00007ffdf3d4c000 	C:\WINDOWS\SYSTEM32\CRYPTBASE.dll
0x00007ffdf3880000 - 0x00007ffdf38ba000 	C:\WINDOWS\SYSTEM32\IPHLPAPI.DLL
0x00007ffdf6760000 - 0x00007ffdf6768000 	C:\WINDOWS\System32\NSI.dll
0x00007ffdeb5d0000 - 0x00007ffdeb5e6000 	C:\WINDOWS\SYSTEM32\dhcpcsvc6.DLL
0x00007ffdeb5b0000 - 0x00007ffdeb5cc000 	C:\WINDOWS\SYSTEM32\dhcpcsvc.DLL
0x00007ffdf38c0000 - 0x00007ffdf398b000 	C:\WINDOWS\SYSTEM32\DNSAPI.dll

VM Arguments:
jvm_args: -Xmx2048m -Dfile.encoding=x-windows-949 -Duser.country=KR -Duser.language=ko -Duser.variant 
java_command: org.gradle.launcher.daemon.bootstrap.GradleDaemon 6.1.1
java_class_path (initial): C:\Users\pthdu\.gradle\wrapper\dists\gradle-6.1.1-all\cfmwm155h49vnt3hynmlrsdst\gradle-6.1.1\lib\gradle-launcher-6.1.1.jar
Launcher Type: SUN_STANDARD

Environment Variables:
JAVA_HOME=C:\Program Files\Java\jdk-11.0.2\bin
CLASSPATH=.;C:\Program Files\Java\jdk-11.0.2\bin\lib\tools.jar
PATH=C:\oraclexe\app\oracle\product\11.2.0\server\bin;C:\Program Files\Java\jdk-11.0.2\bin\bin;";C:\WINDOWS;C:\WINDOWS\System32\Wbem;C:\WINDOWS\System32\WindowsPowerShell\v1.0\;C:\Program Files\Intel\WiFi\bin\;C:\Program Files\Common Files\Intel\WirelessCommon\;C:\Program Files\dotnet\;C:\WINDOWS\System32\OpenSSH\;C:\WINDOWS\system32";C:\Program Files\Java\jdk-11.0.2\bin;C:\Program Files\Git\cmd;C:\Program Files (x86)\Brackets\command;C:\Program Files\Microsoft SQL Server\130\Tools\Binn\;C:\Program Files\Microsoft SQL Server\Client SDK\ODBC\170\Tools\Binn\;C:\Program Files\nodejs\;C:\Users\pthdu\AppData\Local\Microsoft\WindowsApps;C:\Program Files\Intel\WiFi\bin\;C:\Program Files\Common Files\Intel\WirelessCommon\;C:\Users\pthdu\AppData\Local\Programs\Microsoft VS Code\bin;C:\Users\pthdu\AppData\Local\atom\bin;C:\Users\pthdu\.dotnet\tools;C:\Users\pthdu\AppData\Local\GitHubDesktop\bin;C:\Users\pthdu\AppData\Roaming\npm
USERNAME=pthdu
OS=Windows_NT
PROCESSOR_IDENTIFIER=Intel64 Family 6 Model 142 Stepping 10, GenuineIntel



---------------  S Y S T E M  ---------------

OS: Windows 10.0 , 64 bit Build 18362 (10.0.18362.1110)

CPU:total 8 (initial active 8) (4 cores per cpu, 2 threads per core) family 6 model 142 stepping 10, cmov, cx8, fxsr, mmx, sse, sse2, sse3, ssse3, sse4.1, sse4.2, popcnt, avx, avx2, aes, clmul, erms, 3dnowpref, lzcnt, ht, tsc, tscinvbit, bmi1, bmi2, adx

Memory: 4k page, physical 12412176k(2396304k free), swap 42867536k(10828k free)

vm_info: OpenJDK 64-Bit Server VM (25.242-b01) for windows-amd64 JRE (1.8.0_242-release-1644-b01), built by "builder" with MS VC++ 10.0 (VS2010)

time: Tue Nov 10 10:42:34 2020
timezone: 대한민국 표준시
elapsed time: 18 seconds (0d 0h 0m 18s)

